// 重构日志: 880162b5
// 重构日志: 00de1c31
// 重构日志: 80efd3ba
// 同步 ID: a07fda02 @ Tue Jun 16 07:02:40 UTC 2026
// 重构日志: 4f3cdcee
// 重构日志: 54ff7330
// 同步 ID: 21e43559 @ Wed Jun 17 17:23:18 UTC 2026
// 重构日志: 02dbcff9
// 重构日志: 3287e45c
// 重构日志: d90ac941
// 重构日志: 6888418b
// 重构日志: 998813ef
// 重构日志: c3a02a6d
// 同步 ID: bf1b1450 @ Wed Jun 24 16:22:14 UTC 2026
// 重构日志: 28316f69
// 重构日志: 2f95f941
// 重构日志: 7c41228a
// 重构日志: cd908a15
// 重构日志: 51327673
// 重构日志: a23a4992
// 重构日志: a67ca2cf
// 同步 ID: da8394d7 @ Sat Jun 27 08:54:05 UTC 2026
// 重构日志: 080bc2eb
// 重构日志: 15b7bef2
// 重构日志: 45983512
// 重构日志: 661ddd39
// 重构日志: 6fc0e4d8
// 重构日志: 33eec1e4
// 重构日志: 075edb12
// 同步 ID: 697b2199 @ Fri Jul  3 19:24:09 UTC 2026
